<?xml version="1.0" encoding="UTF-8"?>
<!-- Generated by org.testng.reporters.JUnitReportReporter -->
<testsuite skipped="0" hostname="DESKTOP-5323T0U" name="acme.testcases.TC001" tests="1" failures="0" timestamp="12 Oct 2019 09:43:39 GMT" time="36.746" errors="0">
  <testcase name="acmeTestCase" time="36.746" classname="acme.testcases.TC001"/>
</testsuite> <!-- acme.testcases.TC001 -->
